Post-processing Logfile 

----------------------------------------------------------------------------------------
Units settings: 

  Dimensions: mm
  Frequency:  GHz
  Time:       ns

----------------------------------------------------------------------------------------

Template based post-processing started at: 2025-02-10 15:45:41

  Evaluating '- Touchstone Export': 0.062 s

  Total time: 0 s  ( = 0 h, 0 m, 0 s )

Template based post-processing finished at: 2025-02-10 15:45:41
----------------------------------------------------------------------------------------
Template based post-processing started at: 2025-02-10 15:45:43

  Evaluating '- Touchstone Export': 0.024 s

  Total time: 0 s  ( = 0 h, 0 m, 0 s )

Template based post-processing finished at: 2025-02-10 15:45:43
----------------------------------------------------------------------------------------
Template based post-processing started at: 2025-02-10 15:45:44

  Evaluating '- Touchstone Export': 0.023 s

  Total time: 0 s  ( = 0 h, 0 m, 0 s )

Template based post-processing finished at: 2025-02-10 15:45:44
----------------------------------------------------------------------------------------
Template based post-processing started at: 2025-02-10 15:45:45

  Evaluating '- Touchstone Export': 0.022 s

  Total time: 0 s  ( = 0 h, 0 m, 0 s )

Template based post-processing finished at: 2025-02-10 15:45:45
----------------------------------------------------------------------------------------
Template based post-processing started at: 2025-02-10 15:45:46

  Evaluating '- Touchstone Export': 0.021 s

  Total time: 0 s  ( = 0 h, 0 m, 0 s )

Template based post-processing finished at: 2025-02-10 15:45:46
----------------------------------------------------------------------------------------
Template based post-processing started at: 2025-02-10 15:45:48

  Evaluating '- Touchstone Export': 0.021 s

  Total time: 0 s  ( = 0 h, 0 m, 0 s )

Template based post-processing finished at: 2025-02-10 15:45:48
----------------------------------------------------------------------------------------
Template based post-processing started at: 2025-02-10 15:45:49

  Evaluating '- Touchstone Export': 0.021 s

  Total time: 0 s  ( = 0 h, 0 m, 0 s )

Template based post-processing finished at: 2025-02-10 15:45:49
----------------------------------------------------------------------------------------
Template based post-processing started at: 2025-02-10 15:45:50

  Evaluating '- Touchstone Export': 0.023 s

  Total time: 0 s  ( = 0 h, 0 m, 0 s )

Template based post-processing finished at: 2025-02-10 15:45:50
----------------------------------------------------------------------------------------
Template based post-processing started at: 2025-02-10 15:45:52

  Evaluating '- Touchstone Export': 0.023 s

  Total time: 0 s  ( = 0 h, 0 m, 0 s )

Template based post-processing finished at: 2025-02-10 15:45:52
----------------------------------------------------------------------------------------
Template based post-processing started at: 2025-02-10 15:45:53

  Evaluating '- Touchstone Export': 0.028 s

  Total time: 0 s  ( = 0 h, 0 m, 0 s )

Template based post-processing finished at: 2025-02-10 15:45:53
----------------------------------------------------------------------------------------
Template based post-processing started at: 2025-02-10 15:45:54

  Evaluating '- Touchstone Export': 0.023 s

  Total time: 0 s  ( = 0 h, 0 m, 0 s )

Template based post-processing finished at: 2025-02-10 15:45:54
----------------------------------------------------------------------------------------
Template based post-processing started at: 2025-02-10 16:23:26

  Evaluating '- Touchstone Export': 0.058 s

  Total time: 0 s  ( = 0 h, 0 m, 0 s )

Template based post-processing finished at: 2025-02-10 16:23:26
----------------------------------------------------------------------------------------
Template based post-processing started at: 2025-02-10 16:23:28

  Evaluating '- Touchstone Export': 0.026 s

  Total time: 0 s  ( = 0 h, 0 m, 0 s )

Template based post-processing finished at: 2025-02-10 16:23:28
----------------------------------------------------------------------------------------
Template based post-processing started at: 2025-02-10 16:23:30

  Evaluating '- Touchstone Export': 0.023 s

  Total time: 0 s  ( = 0 h, 0 m, 0 s )

Template based post-processing finished at: 2025-02-10 16:23:30
----------------------------------------------------------------------------------------
Template based post-processing started at: 2025-02-10 16:23:31

  Evaluating '- Touchstone Export': 0.027 s

  Total time: 0 s  ( = 0 h, 0 m, 0 s )

Template based post-processing finished at: 2025-02-10 16:23:31
----------------------------------------------------------------------------------------
Template based post-processing started at: 2025-02-10 16:23:33

  Evaluating '- Touchstone Export': 0.023 s

  Total time: 0 s  ( = 0 h, 0 m, 0 s )

Template based post-processing finished at: 2025-02-10 16:23:33
----------------------------------------------------------------------------------------
Template based post-processing started at: 2025-02-10 16:23:35

  Evaluating '- Touchstone Export': 0.023 s

  Total time: 0 s  ( = 0 h, 0 m, 0 s )

Template based post-processing finished at: 2025-02-10 16:23:35
----------------------------------------------------------------------------------------
Template based post-processing started at: 2025-02-10 16:23:36

  Evaluating '- Touchstone Export': 0.024 s

  Total time: 0 s  ( = 0 h, 0 m, 0 s )

Template based post-processing finished at: 2025-02-10 16:23:36
----------------------------------------------------------------------------------------
Template based post-processing started at: 2025-02-10 16:23:38

  Evaluating '- Touchstone Export': 0.023 s

  Total time: 0 s  ( = 0 h, 0 m, 0 s )

Template based post-processing finished at: 2025-02-10 16:23:38
----------------------------------------------------------------------------------------
Template based post-processing started at: 2025-02-10 16:23:40

  Evaluating '- Touchstone Export': 0.023 s

  Total time: 0 s  ( = 0 h, 0 m, 0 s )

Template based post-processing finished at: 2025-02-10 16:23:40
----------------------------------------------------------------------------------------
Template based post-processing started at: 2025-02-10 16:23:41

  Evaluating '- Touchstone Export': 0.023 s

  Total time: 0 s  ( = 0 h, 0 m, 0 s )

Template based post-processing finished at: 2025-02-10 16:23:41
----------------------------------------------------------------------------------------
Template based post-processing started at: 2025-02-10 16:23:43

  Evaluating '- Touchstone Export': 0.023 s

  Total time: 0 s  ( = 0 h, 0 m, 0 s )

Template based post-processing finished at: 2025-02-10 16:23:43
----------------------------------------------------------------------------------------
Template based post-processing started at: 2025-02-10 16:25:59

  Evaluating '- Touchstone Export': 0.043 s

  Total time: 0 s  ( = 0 h, 0 m, 0 s )

Template based post-processing finished at: 2025-02-10 16:25:59
----------------------------------------------------------------------------------------
Template based post-processing started at: 2025-02-10 16:26:01

  Evaluating '- Touchstone Export': 0.022 s

  Total time: 0 s  ( = 0 h, 0 m, 0 s )

Template based post-processing finished at: 2025-02-10 16:26:01
----------------------------------------------------------------------------------------
Template based post-processing started at: 2025-02-10 16:26:03

  Evaluating '- Touchstone Export': 0.029 s

  Total time: 0 s  ( = 0 h, 0 m, 0 s )

Template based post-processing finished at: 2025-02-10 16:26:03
----------------------------------------------------------------------------------------
Template based post-processing started at: 2025-02-10 16:26:04

  Evaluating '- Touchstone Export': 0.022 s

  Total time: 0 s  ( = 0 h, 0 m, 0 s )

Template based post-processing finished at: 2025-02-10 16:26:04
----------------------------------------------------------------------------------------
Template based post-processing started at: 2025-02-10 16:26:06

  Evaluating '- Touchstone Export': 0.023 s

  Total time: 0 s  ( = 0 h, 0 m, 0 s )

Template based post-processing finished at: 2025-02-10 16:26:06
----------------------------------------------------------------------------------------
Template based post-processing started at: 2025-02-10 16:26:08

  Evaluating '- Touchstone Export': 0.023 s

  Total time: 0 s  ( = 0 h, 0 m, 0 s )

Template based post-processing finished at: 2025-02-10 16:26:08
----------------------------------------------------------------------------------------
Template based post-processing started at: 2025-02-10 16:26:09

  Evaluating '- Touchstone Export': 0.022 s

  Total time: 0 s  ( = 0 h, 0 m, 0 s )

Template based post-processing finished at: 2025-02-10 16:26:09
----------------------------------------------------------------------------------------
Template based post-processing started at: 2025-02-10 16:26:11

  Evaluating '- Touchstone Export': 0.025 s

  Total time: 0 s  ( = 0 h, 0 m, 0 s )

Template based post-processing finished at: 2025-02-10 16:26:11
----------------------------------------------------------------------------------------
Template based post-processing started at: 2025-02-10 16:26:13

  Evaluating '- Touchstone Export': 0.022 s

  Total time: 0 s  ( = 0 h, 0 m, 0 s )

Template based post-processing finished at: 2025-02-10 16:26:13
----------------------------------------------------------------------------------------
Template based post-processing started at: 2025-02-10 16:26:14

  Evaluating '- Touchstone Export': 0.022 s

  Total time: 0 s  ( = 0 h, 0 m, 0 s )

Template based post-processing finished at: 2025-02-10 16:26:14
----------------------------------------------------------------------------------------
Template based post-processing started at: 2025-02-10 16:26:16

  Evaluating '- Touchstone Export': 0.022 s

  Total time: 0 s  ( = 0 h, 0 m, 0 s )

Template based post-processing finished at: 2025-02-10 16:26:16
----------------------------------------------------------------------------------------
Template based post-processing started at: 2025-02-10 16:41:25

  Evaluating '- Touchstone Export': 0.05 s

  Total time: 0 s  ( = 0 h, 0 m, 0 s )

Template based post-processing finished at: 2025-02-10 16:41:25
----------------------------------------------------------------------------------------
Template based post-processing started at: 2025-02-10 16:41:27

  Evaluating '- Touchstone Export': 0.024 s

  Total time: 0 s  ( = 0 h, 0 m, 0 s )

Template based post-processing finished at: 2025-02-10 16:41:27
----------------------------------------------------------------------------------------
Template based post-processing started at: 2025-02-10 16:41:28

  Evaluating '- Touchstone Export': 0.024 s

  Total time: 0 s  ( = 0 h, 0 m, 0 s )

Template based post-processing finished at: 2025-02-10 16:41:28
----------------------------------------------------------------------------------------
Template based post-processing started at: 2025-02-10 16:41:30

  Evaluating '- Touchstone Export': 0.023 s

  Total time: 0 s  ( = 0 h, 0 m, 0 s )

Template based post-processing finished at: 2025-02-10 16:41:30
----------------------------------------------------------------------------------------
Template based post-processing started at: 2025-02-10 16:41:32

  Evaluating '- Touchstone Export': 0.022 s

  Total time: 0 s  ( = 0 h, 0 m, 0 s )

Template based post-processing finished at: 2025-02-10 16:41:32
----------------------------------------------------------------------------------------
Template based post-processing started at: 2025-02-10 16:41:33

  Evaluating '- Touchstone Export': 0.026 s

  Total time: 0 s  ( = 0 h, 0 m, 0 s )

Template based post-processing finished at: 2025-02-10 16:41:34
----------------------------------------------------------------------------------------
Template based post-processing started at: 2025-02-10 16:41:35

  Evaluating '- Touchstone Export': 0.023 s

  Total time: 0 s  ( = 0 h, 0 m, 0 s )

Template based post-processing finished at: 2025-02-10 16:41:35
----------------------------------------------------------------------------------------
Template based post-processing started at: 2025-02-10 16:41:37

  Evaluating '- Touchstone Export': 0.022 s

  Total time: 0 s  ( = 0 h, 0 m, 0 s )

Template based post-processing finished at: 2025-02-10 16:41:37
----------------------------------------------------------------------------------------
Template based post-processing started at: 2025-02-10 16:41:39

  Evaluating '- Touchstone Export': 0.023 s

  Total time: 0 s  ( = 0 h, 0 m, 0 s )

Template based post-processing finished at: 2025-02-10 16:41:39
----------------------------------------------------------------------------------------
Template based post-processing started at: 2025-02-10 16:41:40

  Evaluating '- Touchstone Export': 0.028 s

  Total time: 0 s  ( = 0 h, 0 m, 0 s )

Template based post-processing finished at: 2025-02-10 16:41:40
----------------------------------------------------------------------------------------
Template based post-processing started at: 2025-02-10 16:41:42

  Evaluating '- Touchstone Export': 0.022 s

  Total time: 0 s  ( = 0 h, 0 m, 0 s )

Template based post-processing finished at: 2025-02-10 16:41:42
----------------------------------------------------------------------------------------
Template based post-processing started at: 2025-02-10 16:42:47

  Evaluating '- Touchstone Export': 0.046 s

  Total time: 0 s  ( = 0 h, 0 m, 0 s )

Template based post-processing finished at: 2025-02-10 16:42:47
----------------------------------------------------------------------------------------
Template based post-processing started at: 2025-02-10 16:42:48

  Evaluating '- Touchstone Export': 0.026 s

  Total time: 0 s  ( = 0 h, 0 m, 0 s )

Template based post-processing finished at: 2025-02-10 16:42:48
----------------------------------------------------------------------------------------
Template based post-processing started at: 2025-02-10 16:42:50

  Evaluating '- Touchstone Export': 0.023 s

  Total time: 0 s  ( = 0 h, 0 m, 0 s )

Template based post-processing finished at: 2025-02-10 16:42:50
----------------------------------------------------------------------------------------
Template based post-processing started at: 2025-02-10 16:42:52

  Evaluating '- Touchstone Export': 0.024 s

  Total time: 0 s  ( = 0 h, 0 m, 0 s )

Template based post-processing finished at: 2025-02-10 16:42:52
----------------------------------------------------------------------------------------
Template based post-processing started at: 2025-02-10 16:42:54

  Evaluating '- Touchstone Export': 0.028 s

  Total time: 0 s  ( = 0 h, 0 m, 0 s )

Template based post-processing finished at: 2025-02-10 16:42:54
----------------------------------------------------------------------------------------
Template based post-processing started at: 2025-02-10 16:42:55

  Evaluating '- Touchstone Export': 0.022 s

  Total time: 0 s  ( = 0 h, 0 m, 0 s )

Template based post-processing finished at: 2025-02-10 16:42:55
----------------------------------------------------------------------------------------
Template based post-processing started at: 2025-02-10 16:42:57

  Evaluating '- Touchstone Export': 0.024 s

  Total time: 0 s  ( = 0 h, 0 m, 0 s )

Template based post-processing finished at: 2025-02-10 16:42:57
----------------------------------------------------------------------------------------
Template based post-processing started at: 2025-02-10 16:42:59

  Evaluating '- Touchstone Export': 0.024 s

  Total time: 0 s  ( = 0 h, 0 m, 0 s )

Template based post-processing finished at: 2025-02-10 16:42:59
----------------------------------------------------------------------------------------
Template based post-processing started at: 2025-02-10 16:43:01

  Evaluating '- Touchstone Export': 0.021 s

  Total time: 0 s  ( = 0 h, 0 m, 0 s )

Template based post-processing finished at: 2025-02-10 16:43:01
----------------------------------------------------------------------------------------
Template based post-processing started at: 2025-02-10 16:43:02

  Evaluating '- Touchstone Export': 0.022 s

  Total time: 0 s  ( = 0 h, 0 m, 0 s )

Template based post-processing finished at: 2025-02-10 16:43:02
----------------------------------------------------------------------------------------
Template based post-processing started at: 2025-02-10 16:43:04

  Evaluating '- Touchstone Export': 0.023 s

  Total time: 0 s  ( = 0 h, 0 m, 0 s )

Template based post-processing finished at: 2025-02-10 16:43:04
----------------------------------------------------------------------------------------
Template based post-processing started at: 2025-02-10 16:44:05

  Evaluating '- Touchstone Export': 0.046 s

  Total time: 0 s  ( = 0 h, 0 m, 0 s )

Template based post-processing finished at: 2025-02-10 16:44:05
----------------------------------------------------------------------------------------
Template based post-processing started at: 2025-02-10 16:44:06

  Evaluating '- Touchstone Export': 0.025 s

  Total time: 0 s  ( = 0 h, 0 m, 0 s )

Template based post-processing finished at: 2025-02-10 16:44:06
----------------------------------------------------------------------------------------
Template based post-processing started at: 2025-02-10 16:44:07

  Evaluating '- Touchstone Export': 0.027 s

  Total time: 0 s  ( = 0 h, 0 m, 0 s )

Template based post-processing finished at: 2025-02-10 16:44:07
----------------------------------------------------------------------------------------
Template based post-processing started at: 2025-02-10 16:44:09

  Evaluating '- Touchstone Export': 0.022 s

  Total time: 0 s  ( = 0 h, 0 m, 0 s )

Template based post-processing finished at: 2025-02-10 16:44:09
----------------------------------------------------------------------------------------
Template based post-processing started at: 2025-02-10 16:44:10

  Evaluating '- Touchstone Export': 0.023 s

  Total time: 0 s  ( = 0 h, 0 m, 0 s )

Template based post-processing finished at: 2025-02-10 16:44:10
----------------------------------------------------------------------------------------
Template based post-processing started at: 2025-02-10 16:44:11

  Evaluating '- Touchstone Export': 0.023 s

  Total time: 0 s  ( = 0 h, 0 m, 0 s )

Template based post-processing finished at: 2025-02-10 16:44:11
----------------------------------------------------------------------------------------
Template based post-processing started at: 2025-02-10 16:44:13

  Evaluating '- Touchstone Export': 0.026 s

  Total time: 0 s  ( = 0 h, 0 m, 0 s )

Template based post-processing finished at: 2025-02-10 16:44:13
----------------------------------------------------------------------------------------
Template based post-processing started at: 2025-02-10 16:44:14

  Evaluating '- Touchstone Export': 0.023 s

  Total time: 0 s  ( = 0 h, 0 m, 0 s )

Template based post-processing finished at: 2025-02-10 16:44:14
----------------------------------------------------------------------------------------
Template based post-processing started at: 2025-02-10 16:44:16

  Evaluating '- Touchstone Export': 0.022 s

  Total time: 0 s  ( = 0 h, 0 m, 0 s )

Template based post-processing finished at: 2025-02-10 16:44:16
----------------------------------------------------------------------------------------
Template based post-processing started at: 2025-02-10 16:44:18

  Evaluating '- Touchstone Export': 0.023 s

  Total time: 0 s  ( = 0 h, 0 m, 0 s )

Template based post-processing finished at: 2025-02-10 16:44:18
----------------------------------------------------------------------------------------
Template based post-processing started at: 2025-02-10 16:44:19

  Evaluating '- Touchstone Export': 0.022 s

  Total time: 0 s  ( = 0 h, 0 m, 0 s )

Template based post-processing finished at: 2025-02-10 16:44:19
----------------------------------------------------------------------------------------
Template based post-processing started at: 2025-02-10 16:45:17

  Evaluating '- Touchstone Export': 0.045 s

  Total time: 0 s  ( = 0 h, 0 m, 0 s )

Template based post-processing finished at: 2025-02-10 16:45:17
----------------------------------------------------------------------------------------
Template based post-processing started at: 2025-02-10 16:45:18

  Evaluating '- Touchstone Export': 0.023 s

  Total time: 0 s  ( = 0 h, 0 m, 0 s )

Template based post-processing finished at: 2025-02-10 16:45:18
----------------------------------------------------------------------------------------
Template based post-processing started at: 2025-02-10 16:45:20

  Evaluating '- Touchstone Export': 0.023 s

  Total time: 0 s  ( = 0 h, 0 m, 0 s )

Template based post-processing finished at: 2025-02-10 16:45:20
----------------------------------------------------------------------------------------
Template based post-processing started at: 2025-02-10 16:45:22

  Evaluating '- Touchstone Export': 0.023 s

  Total time: 0 s  ( = 0 h, 0 m, 0 s )

Template based post-processing finished at: 2025-02-10 16:45:22
----------------------------------------------------------------------------------------
Template based post-processing started at: 2025-02-10 16:45:23

  Evaluating '- Touchstone Export': 0.024 s

  Total time: 0 s  ( = 0 h, 0 m, 0 s )

Template based post-processing finished at: 2025-02-10 16:45:23
----------------------------------------------------------------------------------------
Template based post-processing started at: 2025-02-10 16:45:25

  Evaluating '- Touchstone Export': 0.023 s

  Total time: 0 s  ( = 0 h, 0 m, 0 s )

Template based post-processing finished at: 2025-02-10 16:45:25
----------------------------------------------------------------------------------------
Template based post-processing started at: 2025-02-10 16:45:27

  Evaluating '- Touchstone Export': 0.023 s

  Total time: 0 s  ( = 0 h, 0 m, 0 s )

Template based post-processing finished at: 2025-02-10 16:45:27
----------------------------------------------------------------------------------------
Template based post-processing started at: 2025-02-10 16:45:28

  Evaluating '- Touchstone Export': 0.023 s

  Total time: 0 s  ( = 0 h, 0 m, 0 s )

Template based post-processing finished at: 2025-02-10 16:45:28
----------------------------------------------------------------------------------------
Template based post-processing started at: 2025-02-10 16:45:30

  Evaluating '- Touchstone Export': 0.023 s

  Total time: 0 s  ( = 0 h, 0 m, 0 s )

Template based post-processing finished at: 2025-02-10 16:45:30
----------------------------------------------------------------------------------------
Template based post-processing started at: 2025-02-10 16:45:32

  Evaluating '- Touchstone Export': 0.022 s

  Total time: 0 s  ( = 0 h, 0 m, 0 s )

Template based post-processing finished at: 2025-02-10 16:45:32
----------------------------------------------------------------------------------------
Template based post-processing started at: 2025-02-10 16:45:33

  Evaluating '- Touchstone Export': 0.023 s

  Total time: 0 s  ( = 0 h, 0 m, 0 s )

Template based post-processing finished at: 2025-02-10 16:45:33
----------------------------------------------------------------------------------------
Template based post-processing started at: 2025-02-10 16:46:49

  Evaluating '- Touchstone Export': 0.049 s

  Total time: 0 s  ( = 0 h, 0 m, 0 s )

Template based post-processing finished at: 2025-02-10 16:46:49
----------------------------------------------------------------------------------------
Template based post-processing started at: 2025-02-10 16:46:51

  Evaluating '- Touchstone Export': 0.024 s

  Total time: 0 s  ( = 0 h, 0 m, 0 s )

Template based post-processing finished at: 2025-02-10 16:46:51
----------------------------------------------------------------------------------------
Template based post-processing started at: 2025-02-10 16:46:52

  Evaluating '- Touchstone Export': 0.024 s

  Total time: 0 s  ( = 0 h, 0 m, 0 s )

Template based post-processing finished at: 2025-02-10 16:46:52
----------------------------------------------------------------------------------------
Template based post-processing started at: 2025-02-10 16:46:54

  Evaluating '- Touchstone Export': 0.022 s

  Total time: 0 s  ( = 0 h, 0 m, 0 s )

Template based post-processing finished at: 2025-02-10 16:46:54
----------------------------------------------------------------------------------------
Template based post-processing started at: 2025-02-10 16:46:56

  Evaluating '- Touchstone Export': 0.023 s

  Total time: 0 s  ( = 0 h, 0 m, 0 s )

Template based post-processing finished at: 2025-02-10 16:46:56
----------------------------------------------------------------------------------------
Template based post-processing started at: 2025-02-10 16:46:57

  Evaluating '- Touchstone Export': 0.023 s

  Total time: 0 s  ( = 0 h, 0 m, 0 s )

Template based post-processing finished at: 2025-02-10 16:46:57
----------------------------------------------------------------------------------------
Template based post-processing started at: 2025-02-10 16:46:59

  Evaluating '- Touchstone Export': 0.023 s

  Total time: 0 s  ( = 0 h, 0 m, 0 s )

Template based post-processing finished at: 2025-02-10 16:46:59
----------------------------------------------------------------------------------------
Template based post-processing started at: 2025-02-10 16:47:01

  Evaluating '- Touchstone Export': 0.024 s

  Total time: 0 s  ( = 0 h, 0 m, 0 s )

Template based post-processing finished at: 2025-02-10 16:47:01
----------------------------------------------------------------------------------------
Template based post-processing started at: 2025-02-10 16:47:02

  Evaluating '- Touchstone Export': 0.025 s

  Total time: 0 s  ( = 0 h, 0 m, 0 s )

Template based post-processing finished at: 2025-02-10 16:47:03
----------------------------------------------------------------------------------------
Template based post-processing started at: 2025-02-10 16:47:04

  Evaluating '- Touchstone Export': 0.023 s

  Total time: 0 s  ( = 0 h, 0 m, 0 s )

Template based post-processing finished at: 2025-02-10 16:47:04
----------------------------------------------------------------------------------------
Template based post-processing started at: 2025-02-10 16:47:06

  Evaluating '- Touchstone Export': 0.024 s

  Total time: 0 s  ( = 0 h, 0 m, 0 s )

Template based post-processing finished at: 2025-02-10 16:47:06
----------------------------------------------------------------------------------------
Template based post-processing started at: 2025-02-10 16:48:54

  Evaluating '- Touchstone Export': 0.046 s

  Total time: 0 s  ( = 0 h, 0 m, 0 s )

Template based post-processing finished at: 2025-02-10 16:48:54
----------------------------------------------------------------------------------------
Template based post-processing started at: 2025-02-10 16:48:56

  Evaluating '- Touchstone Export': 0.027 s

  Total time: 0 s  ( = 0 h, 0 m, 0 s )

Template based post-processing finished at: 2025-02-10 16:48:56
----------------------------------------------------------------------------------------
Template based post-processing started at: 2025-02-10 16:48:58

  Evaluating '- Touchstone Export': 0.022 s

  Total time: 0 s  ( = 0 h, 0 m, 0 s )

Template based post-processing finished at: 2025-02-10 16:48:58
----------------------------------------------------------------------------------------
Template based post-processing started at: 2025-02-10 16:48:59

  Evaluating '- Touchstone Export': 0.024 s

  Total time: 0 s  ( = 0 h, 0 m, 0 s )

Template based post-processing finished at: 2025-02-10 16:48:59
----------------------------------------------------------------------------------------
Template based post-processing started at: 2025-02-10 16:49:01

  Evaluating '- Touchstone Export': 0.023 s

  Total time: 0 s  ( = 0 h, 0 m, 0 s )

Template based post-processing finished at: 2025-02-10 16:49:01
----------------------------------------------------------------------------------------
Template based post-processing started at: 2025-02-10 16:49:03

  Evaluating '- Touchstone Export': 0.027 s

  Total time: 0 s  ( = 0 h, 0 m, 0 s )

Template based post-processing finished at: 2025-02-10 16:49:03
----------------------------------------------------------------------------------------
Template based post-processing started at: 2025-02-10 16:49:04

  Evaluating '- Touchstone Export': 0.024 s

  Total time: 0 s  ( = 0 h, 0 m, 0 s )

Template based post-processing finished at: 2025-02-10 16:49:04
----------------------------------------------------------------------------------------
Template based post-processing started at: 2025-02-10 16:49:06

  Evaluating '- Touchstone Export': 0.025 s

  Total time: 0 s  ( = 0 h, 0 m, 0 s )

Template based post-processing finished at: 2025-02-10 16:49:06
----------------------------------------------------------------------------------------
Template based post-processing started at: 2025-02-10 16:49:08

  Evaluating '- Touchstone Export': 0.029 s

  Total time: 0 s  ( = 0 h, 0 m, 0 s )

Template based post-processing finished at: 2025-02-10 16:49:08
----------------------------------------------------------------------------------------
Template based post-processing started at: 2025-02-10 16:49:10

  Evaluating '- Touchstone Export': 0.025 s

  Total time: 0 s  ( = 0 h, 0 m, 0 s )

Template based post-processing finished at: 2025-02-10 16:49:10
----------------------------------------------------------------------------------------
Template based post-processing started at: 2025-02-10 16:49:11

  Evaluating '- Touchstone Export': 0.023 s

  Total time: 0 s  ( = 0 h, 0 m, 0 s )

Template based post-processing finished at: 2025-02-10 16:49:11
----------------------------------------------------------------------------------------
Template based post-processing started at: 2025-02-10 16:50:44

  Evaluating '- Touchstone Export': 0.045 s

  Total time: 0 s  ( = 0 h, 0 m, 0 s )

Template based post-processing finished at: 2025-02-10 16:50:44
----------------------------------------------------------------------------------------
Template based post-processing started at: 2025-02-10 16:50:45

  Evaluating '- Touchstone Export': 0.024 s

  Total time: 0 s  ( = 0 h, 0 m, 0 s )

Template based post-processing finished at: 2025-02-10 16:50:45
----------------------------------------------------------------------------------------
Template based post-processing started at: 2025-02-10 16:50:46

  Evaluating '- Touchstone Export': 0.022 s

  Total time: 0 s  ( = 0 h, 0 m, 0 s )

Template based post-processing finished at: 2025-02-10 16:50:46
----------------------------------------------------------------------------------------
Template based post-processing started at: 2025-02-10 16:50:48

  Evaluating '- Touchstone Export': 0.022 s

  Total time: 0 s  ( = 0 h, 0 m, 0 s )

Template based post-processing finished at: 2025-02-10 16:50:48
----------------------------------------------------------------------------------------
Template based post-processing started at: 2025-02-10 16:50:49

  Evaluating '- Touchstone Export': 0.025 s

  Total time: 0 s  ( = 0 h, 0 m, 0 s )

Template based post-processing finished at: 2025-02-10 16:50:49
----------------------------------------------------------------------------------------
Template based post-processing started at: 2025-02-10 16:50:51

  Evaluating '- Touchstone Export': 0.023 s

  Total time: 0 s  ( = 0 h, 0 m, 0 s )

Template based post-processing finished at: 2025-02-10 16:50:51
----------------------------------------------------------------------------------------
Template based post-processing started at: 2025-02-10 16:50:53

  Evaluating '- Touchstone Export': 0.024 s

  Total time: 0 s  ( = 0 h, 0 m, 0 s )

Template based post-processing finished at: 2025-02-10 16:50:53
----------------------------------------------------------------------------------------
Template based post-processing started at: 2025-02-10 16:50:54

  Evaluating '- Touchstone Export': 0.024 s

  Total time: 0 s  ( = 0 h, 0 m, 0 s )

Template based post-processing finished at: 2025-02-10 16:50:54
----------------------------------------------------------------------------------------
Template based post-processing started at: 2025-02-10 16:50:56

  Evaluating '- Touchstone Export': 0.023 s

  Total time: 0 s  ( = 0 h, 0 m, 0 s )

Template based post-processing finished at: 2025-02-10 16:50:56
----------------------------------------------------------------------------------------
Template based post-processing started at: 2025-02-10 16:50:58

  Evaluating '- Touchstone Export': 0.024 s

  Total time: 0 s  ( = 0 h, 0 m, 0 s )

Template based post-processing finished at: 2025-02-10 16:50:58
----------------------------------------------------------------------------------------
Template based post-processing started at: 2025-02-10 16:51:00

  Evaluating '- Touchstone Export': 0.025 s

  Total time: 0 s  ( = 0 h, 0 m, 0 s )

Template based post-processing finished at: 2025-02-10 16:51:00
----------------------------------------------------------------------------------------
Template based post-processing started at: 2025-02-10 16:52:14

  Evaluating '- Touchstone Export': 0.047 s

  Total time: 0 s  ( = 0 h, 0 m, 0 s )

Template based post-processing finished at: 2025-02-10 16:52:14
----------------------------------------------------------------------------------------
Template based post-processing started at: 2025-02-10 16:52:16

  Evaluating '- Touchstone Export': 0.024 s

  Total time: 0 s  ( = 0 h, 0 m, 0 s )

Template based post-processing finished at: 2025-02-10 16:52:16
----------------------------------------------------------------------------------------
Template based post-processing started at: 2025-02-10 16:52:18

  Evaluating '- Touchstone Export': 0.024 s

  Total time: 0 s  ( = 0 h, 0 m, 0 s )

Template based post-processing finished at: 2025-02-10 16:52:18
----------------------------------------------------------------------------------------
Template based post-processing started at: 2025-02-10 16:52:19

  Evaluating '- Touchstone Export': 0.023 s

  Total time: 0 s  ( = 0 h, 0 m, 0 s )

Template based post-processing finished at: 2025-02-10 16:52:19
----------------------------------------------------------------------------------------
Template based post-processing started at: 2025-02-10 16:52:21

  Evaluating '- Touchstone Export': 0.022 s

  Total time: 0 s  ( = 0 h, 0 m, 0 s )

Template based post-processing finished at: 2025-02-10 16:52:21
----------------------------------------------------------------------------------------
Template based post-processing started at: 2025-02-10 16:52:23

  Evaluating '- Touchstone Export': 0.023 s

  Total time: 0 s  ( = 0 h, 0 m, 0 s )

Template based post-processing finished at: 2025-02-10 16:52:23
----------------------------------------------------------------------------------------
Template based post-processing started at: 2025-02-10 16:52:24

  Evaluating '- Touchstone Export': 0.025 s

  Total time: 0 s  ( = 0 h, 0 m, 0 s )

Template based post-processing finished at: 2025-02-10 16:52:24
----------------------------------------------------------------------------------------
Template based post-processing started at: 2025-02-10 16:52:26

  Evaluating '- Touchstone Export': 0.023 s

  Total time: 0 s  ( = 0 h, 0 m, 0 s )

Template based post-processing finished at: 2025-02-10 16:52:26
----------------------------------------------------------------------------------------
Template based post-processing started at: 2025-02-10 16:52:28

  Evaluating '- Touchstone Export': 0.025 s

  Total time: 0 s  ( = 0 h, 0 m, 0 s )

Template based post-processing finished at: 2025-02-10 16:52:28
----------------------------------------------------------------------------------------
Template based post-processing started at: 2025-02-10 16:52:29

  Evaluating '- Touchstone Export': 0.025 s

  Total time: 0 s  ( = 0 h, 0 m, 0 s )

Template based post-processing finished at: 2025-02-10 16:52:29
----------------------------------------------------------------------------------------
Template based post-processing started at: 2025-02-10 16:52:31

  Evaluating '- Touchstone Export': 0.025 s

  Total time: 0 s  ( = 0 h, 0 m, 0 s )

Template based post-processing finished at: 2025-02-10 16:52:31
----------------------------------------------------------------------------------------
Template based post-processing started at: 2025-02-10 16:53:56

  Evaluating '- Touchstone Export': 0.054 s

  Total time: 0 s  ( = 0 h, 0 m, 0 s )

Template based post-processing finished at: 2025-02-10 16:53:56
----------------------------------------------------------------------------------------
Template based post-processing started at: 2025-02-10 16:53:58

  Evaluating '- Touchstone Export': 0.024 s

  Total time: 0 s  ( = 0 h, 0 m, 0 s )

Template based post-processing finished at: 2025-02-10 16:53:58
----------------------------------------------------------------------------------------
Template based post-processing started at: 2025-02-10 16:53:59

  Evaluating '- Touchstone Export': 0.024 s

  Total time: 0 s  ( = 0 h, 0 m, 0 s )

Template based post-processing finished at: 2025-02-10 16:53:59
----------------------------------------------------------------------------------------
Template based post-processing started at: 2025-02-10 16:54:01

  Evaluating '- Touchstone Export': 0.023 s

  Total time: 0 s  ( = 0 h, 0 m, 0 s )

Template based post-processing finished at: 2025-02-10 16:54:01
----------------------------------------------------------------------------------------
Template based post-processing started at: 2025-02-10 16:54:03

  Evaluating '- Touchstone Export': 0.025 s

  Total time: 0 s  ( = 0 h, 0 m, 0 s )

Template based post-processing finished at: 2025-02-10 16:54:03
----------------------------------------------------------------------------------------
Template based post-processing started at: 2025-02-10 16:54:04

  Evaluating '- Touchstone Export': 0.024 s

  Total time: 0 s  ( = 0 h, 0 m, 0 s )

Template based post-processing finished at: 2025-02-10 16:54:04
----------------------------------------------------------------------------------------
Template based post-processing started at: 2025-02-10 16:54:06

  Evaluating '- Touchstone Export': 0.024 s

  Total time: 0 s  ( = 0 h, 0 m, 0 s )

Template based post-processing finished at: 2025-02-10 16:54:06
----------------------------------------------------------------------------------------
Template based post-processing started at: 2025-02-10 16:54:08

  Evaluating '- Touchstone Export': 0.026 s

  Total time: 0 s  ( = 0 h, 0 m, 0 s )

Template based post-processing finished at: 2025-02-10 16:54:08
----------------------------------------------------------------------------------------
Template based post-processing started at: 2025-02-10 16:54:09

  Evaluating '- Touchstone Export': 0.023 s

  Total time: 0 s  ( = 0 h, 0 m, 0 s )

Template based post-processing finished at: 2025-02-10 16:54:09
----------------------------------------------------------------------------------------
Template based post-processing started at: 2025-02-10 16:54:11

  Evaluating '- Touchstone Export': 0.026 s

  Total time: 0 s  ( = 0 h, 0 m, 0 s )

Template based post-processing finished at: 2025-02-10 16:54:11
----------------------------------------------------------------------------------------
Template based post-processing started at: 2025-02-10 16:54:13

  Evaluating '- Touchstone Export': 0.023 s

  Total time: 0 s  ( = 0 h, 0 m, 0 s )

Template based post-processing finished at: 2025-02-10 16:54:13
----------------------------------------------------------------------------------------
Template based post-processing started at: 2025-02-10 16:55:44

  Evaluating '- Touchstone Export': 0.048 s

  Total time: 0 s  ( = 0 h, 0 m, 0 s )

Template based post-processing finished at: 2025-02-10 16:55:44
----------------------------------------------------------------------------------------
Template based post-processing started at: 2025-02-10 16:55:46

  Evaluating '- Touchstone Export': 0.024 s

  Total time: 0 s  ( = 0 h, 0 m, 0 s )

Template based post-processing finished at: 2025-02-10 16:55:46
----------------------------------------------------------------------------------------
Template based post-processing started at: 2025-02-10 16:55:48

  Evaluating '- Touchstone Export': 0.023 s

  Total time: 0 s  ( = 0 h, 0 m, 0 s )

Template based post-processing finished at: 2025-02-10 16:55:48
----------------------------------------------------------------------------------------
Template based post-processing started at: 2025-02-10 16:55:49

  Evaluating '- Touchstone Export': 0.023 s

  Total time: 0 s  ( = 0 h, 0 m, 0 s )

Template based post-processing finished at: 2025-02-10 16:55:49
----------------------------------------------------------------------------------------
Template based post-processing started at: 2025-02-10 16:55:51

  Evaluating '- Touchstone Export': 0.028 s

  Total time: 0 s  ( = 0 h, 0 m, 0 s )

Template based post-processing finished at: 2025-02-10 16:55:51
----------------------------------------------------------------------------------------
Template based post-processing started at: 2025-02-10 16:55:53

  Evaluating '- Touchstone Export': 0.028 s

  Total time: 0 s  ( = 0 h, 0 m, 0 s )

Template based post-processing finished at: 2025-02-10 16:55:53
----------------------------------------------------------------------------------------
Template based post-processing started at: 2025-02-10 16:55:55

  Evaluating '- Touchstone Export': 0.026 s

  Total time: 0 s  ( = 0 h, 0 m, 0 s )

Template based post-processing finished at: 2025-02-10 16:55:55
----------------------------------------------------------------------------------------
Template based post-processing started at: 2025-02-10 16:55:56

  Evaluating '- Touchstone Export': 0.024 s

  Total time: 0 s  ( = 0 h, 0 m, 0 s )

Template based post-processing finished at: 2025-02-10 16:55:56
----------------------------------------------------------------------------------------
Template based post-processing started at: 2025-02-10 16:55:58

  Evaluating '- Touchstone Export': 0.029 s

  Total time: 0 s  ( = 0 h, 0 m, 0 s )

Template based post-processing finished at: 2025-02-10 16:55:58
----------------------------------------------------------------------------------------
Template based post-processing started at: 2025-02-10 16:56:00

  Evaluating '- Touchstone Export': 0.024 s

  Total time: 0 s  ( = 0 h, 0 m, 0 s )

Template based post-processing finished at: 2025-02-10 16:56:00
----------------------------------------------------------------------------------------
Template based post-processing started at: 2025-02-10 16:56:02

  Evaluating '- Touchstone Export': 0.029 s

  Total time: 0 s  ( = 0 h, 0 m, 0 s )

Template based post-processing finished at: 2025-02-10 16:56:02
----------------------------------------------------------------------------------------
Template based post-processing started at: 2025-02-10 16:57:04

  Evaluating '- Touchstone Export': 0.068 s

  Total time: 0 s  ( = 0 h, 0 m, 0 s )

Template based post-processing finished at: 2025-02-10 16:57:04
----------------------------------------------------------------------------------------
Template based post-processing started at: 2025-02-10 16:57:06

  Evaluating '- Touchstone Export': 0.025 s

  Total time: 0 s  ( = 0 h, 0 m, 0 s )

Template based post-processing finished at: 2025-02-10 16:57:06
----------------------------------------------------------------------------------------
Template based post-processing started at: 2025-02-10 16:57:08

  Evaluating '- Touchstone Export': 0.024 s

  Total time: 0 s  ( = 0 h, 0 m, 0 s )

Template based post-processing finished at: 2025-02-10 16:57:08
----------------------------------------------------------------------------------------
Template based post-processing started at: 2025-02-10 16:57:09

  Evaluating '- Touchstone Export': 0.024 s

  Total time: 0 s  ( = 0 h, 0 m, 0 s )

Template based post-processing finished at: 2025-02-10 16:57:09
----------------------------------------------------------------------------------------
Template based post-processing started at: 2025-02-10 16:57:11

  Evaluating '- Touchstone Export': 0.025 s

  Total time: 0 s  ( = 0 h, 0 m, 0 s )

Template based post-processing finished at: 2025-02-10 16:57:11
----------------------------------------------------------------------------------------
Template based post-processing started at: 2025-02-10 16:57:13

  Evaluating '- Touchstone Export': 0.025 s

  Total time: 0 s  ( = 0 h, 0 m, 0 s )

Template based post-processing finished at: 2025-02-10 16:57:13
----------------------------------------------------------------------------------------
Template based post-processing started at: 2025-02-10 16:57:14

  Evaluating '- Touchstone Export': 0.023 s

  Total time: 0 s  ( = 0 h, 0 m, 0 s )

Template based post-processing finished at: 2025-02-10 16:57:14
----------------------------------------------------------------------------------------
Template based post-processing started at: 2025-02-10 16:57:16

  Evaluating '- Touchstone Export': 0.024 s

  Total time: 0 s  ( = 0 h, 0 m, 0 s )

Template based post-processing finished at: 2025-02-10 16:57:16
----------------------------------------------------------------------------------------
Template based post-processing started at: 2025-02-10 16:57:18

  Evaluating '- Touchstone Export': 0.024 s

  Total time: 0 s  ( = 0 h, 0 m, 0 s )

Template based post-processing finished at: 2025-02-10 16:57:18
----------------------------------------------------------------------------------------
Template based post-processing started at: 2025-02-10 16:57:19

  Evaluating '- Touchstone Export': 0.027 s

  Total time: 0 s  ( = 0 h, 0 m, 0 s )

Template based post-processing finished at: 2025-02-10 16:57:20
----------------------------------------------------------------------------------------
Template based post-processing started at: 2025-02-10 16:57:21

  Evaluating '- Touchstone Export': 0.025 s

  Total time: 0 s  ( = 0 h, 0 m, 0 s )

Template based post-processing finished at: 2025-02-10 16:57:21
----------------------------------------------------------------------------------------
